
7월 13, 2023 14:55:43.645 NEW SESSION
7월 13, 2023 14:55:43.645 [6264:9480:0713/145543.644:ERROR:page_load_metrics_update_dispatcher.cc(178)] Invalid first_paint 0.908 s for first_image_paint 0.875 s
7월 13, 2023 14:55:43.745 [6264:9480:0713/145543.745:ERROR:page_load_metrics_update_dispatcher.cc(178)] Invalid first_paint 0.908 s for first_image_paint 0.875 s
7월 13, 2023 14:55:43.849 [6264:9480:0713/145543.849:ERROR:page_load_metrics_update_dispatcher.cc(178)] Invalid first_paint 0.908 s for first_image_paint 0.875 s
7월 13, 2023 14:55:43.952 [6264:9480:0713/145543.952:ERROR:page_load_metrics_update_dispatcher.cc(178)] Invalid first_paint 0.908 s for first_image_paint 0.875 s
7월 13, 2023 14:55:44.213 [6264:9480:0713/145544.213:ERROR:page_load_metrics_update_dispatcher.cc(178)] Invalid first_paint 0.908 s for first_image_paint 0.875 s
7월 13, 2023 14:55:44.558 [6264:9480:0713/145544.558:ERROR:page_load_metrics_update_dispatcher.cc(178)] Invalid first_paint 0.908 s for first_image_paint 0.875 s
7월 13, 2023 14:55:44.669 [6264:9480:0713/145544.669:ERROR:page_load_metrics_update_dispatcher.cc(178)] Invalid first_paint 0.908 s for first_image_paint 0.875 s
7월 13, 2023 14:55:49.337 [6264:9480:0713/145549.337:ERROR:page_load_metrics_update_dispatcher.cc(178)] Invalid first_paint 0.908 s for first_image_paint 0.875 s
7월 13, 2023 14:55:49.459 [6264:9480:0713/145549.459:ERROR:page_load_metrics_update_dispatcher.cc(178)] Invalid first_paint 0.908 s for first_image_paint 0.875 s
7월 13, 2023 14:55:49.924 [6264:9480:0713/145549.924:ERROR:page_load_metrics_update_dispatcher.cc(178)] Invalid first_paint 0.908 s for first_image_paint 0.875 s
7월 13, 2023 14:55:50.864 [6264:9480:0713/145550.864:ERROR:page_load_metrics_update_dispatcher.cc(178)] Invalid first_paint 0.908 s for first_image_paint 0.875 s
7월 13, 2023 14:55:52.497 [6264:9480:0713/145552.497:ERROR:page_load_metrics_update_dispatcher.cc(178)] Invalid first_paint 0.908 s for first_image_paint 0.875 s
7월 13, 2023 14:55:53.696 [6264:9480:0713/145553.696:ERROR:page_load_metrics_update_dispatcher.cc(178)] Invalid first_paint 0.908 s for first_image_paint 0.875 s
7월 13, 2023 14:55:53.839 [6264:9480:0713/145553.839:ERROR:page_load_metrics_update_dispatcher.cc(178)] Invalid first_paint 0.908 s for first_image_paint 0.875 s
7월 13, 2023 14:55:53.992 [6264:9480:0713/145553.992:ERROR:page_load_metrics_update_dispatcher.cc(178)] Invalid first_paint 0.908 s for first_image_paint 0.875 s
7월 13, 2023 14:55:54.95 [6264:9480:0713/145554.095:ERROR:page_load_metrics_update_dispatcher.cc(178)] Invalid first_paint 0.908 s for first_image_paint 0.875 s
7월 13, 2023 14:55:54.671 [6264:9480:0713/145554.671:ERROR:page_load_metrics_update_dispatcher.cc(178)] Invalid first_paint 0.908 s for first_image_paint 0.875 s
7월 13, 2023 14:55:56.318 [6264:9480:0713/145556.318:ERROR:page_load_metrics_update_dispatcher.cc(178)] Invalid first_paint 0.908 s for first_image_paint 0.875 s
7월 13, 2023 14:55:56.539 [6264:9480:0713/145556.539:ERROR:page_load_metrics_update_dispatcher.cc(178)] Invalid first_paint 0.908 s for first_image_paint 0.875 s
7월 13, 2023 14:55:56.644 [6264:9480:0713/145556.644:ERROR:page_load_metrics_update_dispatcher.cc(178)] Invalid first_paint 0.908 s for first_image_paint 0.875 s
7월 13, 2023 14:55:58.910 [6264:9480:0713/145558.910:ERROR:page_load_metrics_update_dispatcher.cc(178)] Invalid first_paint 0.908 s for first_image_paint 0.875 s
7월 13, 2023 14:56:01.297 [6264:9480:0713/145601.297:ERROR:page_load_metrics_update_dispatcher.cc(178)] Invalid first_paint 0.908 s for first_image_paint 0.875 s
7월 13, 2023 14:56:08.213 [6264:9480:0713/145608.213:ERROR:page_load_metrics_update_dispatcher.cc(178)] Invalid first_paint 0.908 s for first_image_paint 0.875 s
7월 13, 2023 14:56:30.976 [6264:9480:0713/145630.976:ERROR:page_load_metrics_update_dispatcher.cc(178)] Invalid first_paint 0.908 s for first_image_paint 0.875 s
7월 13, 2023 14:56:31.92 [6264:9480:0713/145631.092:ERROR:page_load_metrics_update_dispatcher.cc(178)] Invalid first_paint 0.908 s for first_image_paint 0.875 s
7월 13, 2023 14:56:31.209 [6264:9480:0713/145631.209:ERROR:page_load_metrics_update_dispatcher.cc(178)] Invalid first_paint 0.908 s for first_image_paint 0.875 s
7월 13, 2023 14:56:32.880 [6264:9480:0713/145632.880:ERROR:page_load_metrics_update_dispatcher.cc(178)] Invalid first_paint 0.908 s for first_image_paint 0.875 s
7월 13, 2023 14:56:32.992 [6264:9480:0713/145632.991:ERROR:page_load_metrics_update_dispatcher.cc(178)] Invalid first_paint 0.908 s for first_image_paint 0.875 s
7월 13, 2023 14:56:33.109 [6264:9480:0713/145633.109:ERROR:page_load_metrics_update_dispatcher.cc(178)] Invalid first_paint 0.908 s for first_image_paint 0.875 s
7월 13, 2023 14:56:33.226 [6264:9480:0713/145633.226:ERROR:page_load_metrics_update_dispatcher.cc(178)] Invalid first_paint 0.908 s for first_image_paint 0.875 s
7월 13, 2023 14:57:06.344 [6264:9480:0713/145706.344:ERROR:page_load_metrics_update_dispatcher.cc(178)] Invalid first_paint 0.908 s for first_image_paint 0.875 s
7월 13, 2023 14:57:40.423 [6264:9480:0713/145740.423:ERROR:page_load_metrics_update_dispatcher.cc(178)] Invalid first_paint 0.908 s for first_image_paint 0.875 s
7월 13, 2023 14:57:41.415 [6264:9480:0713/145741.415:ERROR:page_load_metrics_update_dispatcher.cc(178)] Invalid first_paint 0.908 s for first_image_paint 0.875 s
7월 13, 2023 14:57:41.926 [6264:9480:0713/145741.926:ERROR:page_load_metrics_update_dispatcher.cc(178)] Invalid first_paint 0.908 s for first_image_paint 0.875 s
7월 13, 2023 14:57:42.443 [6264:9480:0713/145742.442:ERROR:page_load_metrics_update_dispatcher.cc(178)] Invalid first_paint 0.908 s for first_image_paint 0.875 s
7월 13, 2023 14:57:42.559 [6264:9480:0713/145742.559:ERROR:page_load_metrics_update_dispatcher.cc(178)] Invalid first_paint 0.908 s for first_image_paint 0.875 s
7월 13, 2023 14:57:42.676 [6264:9480:0713/145742.676:ERROR:page_load_metrics_update_dispatcher.cc(178)] Invalid first_paint 0.908 s for first_image_paint 0.875 s
7월 13, 2023 14:57:42.793 [6264:9480:0713/145742.793:ERROR:page_load_metrics_update_dispatcher.cc(178)] Invalid first_paint 0.908 s for first_image_paint 0.875 s
7월 13, 2023 15:01:55.688 [3852:6796:0713/150155.687:ERROR:device_event_log_impl.cc(222)] [15:01:55.687] Bluetooth: bluetooth_adapter_winrt.cc:1058 Getting Default Adapter failed.
7월 13, 2023 15:18:20.925 [3164:7848:0713/151820.925:ERROR:interface_endpoint_client.cc(697)] Message 0 rejected by interface blink.mojom.WidgetHost
7월 13, 2023 15:20:07.125 [3164:7848:0713/152007.125:ERROR:sharing_service.cc(252)] Device un-registration failed with fatal error

7월 14, 2023 13:01:05.188 NEW SESSION
7월 14, 2023 13:01:05.188 [3548:3632:0714/130105.187:ERROR:page_load_metrics_update_dispatcher.cc(178)] Invalid first_paint 0.382 s for first_image_paint 0.366 s
7월 14, 2023 13:01:05.294 [3548:3632:0714/130105.294:ERROR:page_load_metrics_update_dispatcher.cc(178)] Invalid first_paint 0.382 s for first_image_paint 0.366 s
7월 14, 2023 13:01:05.404 [3548:3632:0714/130105.404:ERROR:page_load_metrics_update_dispatcher.cc(178)] Invalid first_paint 0.382 s for first_image_paint 0.366 s
7월 14, 2023 13:01:05.516 [3548:3632:0714/130105.516:ERROR:page_load_metrics_update_dispatcher.cc(178)] Invalid first_paint 0.382 s for first_image_paint 0.366 s
7월 14, 2023 13:01:06.82 [3548:3632:0714/130106.082:ERROR:page_load_metrics_update_dispatcher.cc(178)] Invalid first_paint 0.382 s for first_image_paint 0.366 s
7월 14, 2023 13:01:06.228 [3548:3632:0714/130106.228:ERROR:page_load_metrics_update_dispatcher.cc(178)] Invalid first_paint 0.382 s for first_image_paint 0.366 s
7월 14, 2023 13:01:07.491 [3548:3632:0714/130107.491:ERROR:page_load_metrics_update_dispatcher.cc(178)] Invalid first_paint 0.382 s for first_image_paint 0.366 s
7월 14, 2023 13:01:07.599 [3548:3632:0714/130107.599:ERROR:page_load_metrics_update_dispatcher.cc(178)] Invalid first_paint 0.382 s for first_image_paint 0.366 s
7월 14, 2023 13:01:08.422 [3548:3632:0714/130108.422:ERROR:page_load_metrics_update_dispatcher.cc(178)] Invalid first_paint 0.382 s for first_image_paint 0.366 s
7월 14, 2023 13:01:08.433 [3548:3632:0714/130108.433:ERROR:page_load_metrics_update_dispatcher.cc(178)] Invalid first_paint 0.382 s for first_image_paint 0.366 s
7월 14, 2023 13:01:08.437 [3548:3632:0714/130108.437:ERROR:page_load_metrics_update_dispatcher.cc(178)] Invalid first_paint 0.382 s for first_image_paint 0.366 s
7월 14, 2023 13:01:13.08 [3548:3632:0714/130113.008:ERROR:page_load_metrics_update_dispatcher.cc(178)] Invalid first_paint 0.382 s for first_image_paint 0.366 s

7월 20, 2023 09:10:07.170 NEW SESSION
7월 20, 2023 09:10:07.170 [3012:1620:0720/091007.169:ERROR:feature_processor_state.cc(39)] Processing error occured: model WebAppInstallationPromo failed with UkmEngineDisabled, message: 
7월 20, 2023 09:32:45.869 [4444:4216:0720/093245.869:ERROR:feature_processor_state.cc(39)] Processing error occured: model WebAppInstallationPromo failed with UkmEngineDisabled, message: 
7월 20, 2023 10:00:25.547 [2508:6200:0720/100025.547:ERROR:feature_processor_state.cc(39)] Processing error occured: model WebAppInstallationPromo failed with UkmEngineDisabled, message: 
7월 20, 2023 10:21:07.804 [2508:6200:0720/102107.804:ERROR:device_event_log_impl.cc(222)] [10:21:07.806] Bluetooth: bluetooth_adapter_winrt.cc:1058 Getting Default Adapter failed.
7월 20, 2023 14:59:45.612 [9404:508:0720/145945.612:ERROR:feature_processor_state.cc(39)] Processing error occured: model WebAppInstallationPromo failed with UkmEngineDisabled, message: 
7월 20, 2023 15:05:08.979 [10276:1356:0720/150508.979:ERROR:feature_processor_state.cc(39)] Processing error occured: model WebAppInstallationPromo failed with UkmEngineDisabled, message: 
7월 20, 2023 15:11:46.922 [2404:10068:0720/151146.922:ERROR:feature_processor_state.cc(39)] Processing error occured: model WebAppInstallationPromo failed with UkmEngineDisabled, message: 
7월 20, 2023 15:12:49.79 [2548:8924:0720/151249.079:ERROR:feature_processor_state.cc(39)] Processing error occured: model WebAppInstallationPromo failed with UkmEngineDisabled, message: 

7월 21, 2023 08:59:37.415 NEW SESSION
7월 21, 2023 08:59:37.415 [10676:10756:0721/085937.414:ERROR:feature_processor_state.cc(39)] Processing error occured: model WebAppInstallationPromo failed with UkmEngineDisabled, message: 
7월 21, 2023 09:22:43.960 [3392:6068:0721/092243.959:ERROR:feature_processor_state.cc(39)] Processing error occured: model WebAppInstallationPromo failed with UkmEngineDisabled, message: 
7월 21, 2023 09:25:49.415 [10824:10564:0721/092549.415:ERROR:feature_processor_state.cc(39)] Processing error occured: model WebAppInstallationPromo failed with UkmEngineDisabled, message: 
7월 21, 2023 09:38:15.432 [8776:3608:0721/093815.432:ERROR:feature_processor_state.cc(39)] Processing error occured: model WebAppInstallationPromo failed with UkmEngineDisabled, message: 

7월 21, 2023 09:47:39.153 NEW SESSION
7월 21, 2023 09:47:39.153 [4112:9464:0721/094739.153:ERROR:feature_processor_state.cc(39)] Processing error occured: model WebAppInstallationPromo failed with UkmEngineDisabled, message: 
7월 21, 2023 09:53:07.523 [9784:5832:0721/095307.523:ERROR:feature_processor_state.cc(39)] Processing error occured: model WebAppInstallationPromo failed with UkmEngineDisabled, message: 
7월 21, 2023 09:59:42.322 [10016:2644:0721/095942.322:ERROR:feature_processor_state.cc(39)] Processing error occured: model WebAppInstallationPromo failed with UkmEngineDisabled, message: 

7월 21, 2023 10:01:42.244 NEW SESSION
7월 21, 2023 10:01:42.244 [5032:656:0721/100142.244:ERROR:feature_processor_state.cc(39)] Processing error occured: model WebAppInstallationPromo failed with UkmEngineDisabled, message: 
7월 21, 2023 10:01:46.867 [5032:656:0721/100146.867:ERROR:page_load_metrics_update_dispatcher.cc(178)] Invalid first_paint 0.375 s for first_image_paint 0.36 s
7월 21, 2023 10:01:46.970 [5032:656:0721/100146.970:ERROR:page_load_metrics_update_dispatcher.cc(178)] Invalid first_paint 0.375 s for first_image_paint 0.36 s
7월 21, 2023 10:01:47.133 [5032:656:0721/100147.133:ERROR:page_load_metrics_update_dispatcher.cc(178)] Invalid first_paint 0.375 s for first_image_paint 0.36 s
7월 21, 2023 10:01:47.359 [5032:656:0721/100147.359:ERROR:page_load_metrics_update_dispatcher.cc(178)] Invalid first_paint 0.375 s for first_image_paint 0.36 s
7월 21, 2023 10:01:47.585 [5032:656:0721/100147.585:ERROR:page_load_metrics_update_dispatcher.cc(178)] Invalid first_paint 0.375 s for first_image_paint 0.36 s
7월 21, 2023 10:01:47.748 [5032:656:0721/100147.748:ERROR:page_load_metrics_update_dispatcher.cc(178)] Invalid first_paint 0.375 s for first_image_paint 0.36 s
7월 21, 2023 10:01:47.863 [5032:656:0721/100147.863:ERROR:page_load_metrics_update_dispatcher.cc(178)] Invalid first_paint 0.375 s for first_image_paint 0.36 s
7월 21, 2023 10:01:48.522 [5032:656:0721/100148.522:ERROR:page_load_metrics_update_dispatcher.cc(178)] Invalid first_paint 0.375 s for first_image_paint 0.36 s
7월 21, 2023 10:01:48.995 [5032:656:0721/100148.995:ERROR:page_load_metrics_update_dispatcher.cc(178)] Invalid first_paint 0.375 s for first_image_paint 0.36 s
7월 21, 2023 10:01:49.967 [5032:656:0721/100149.967:ERROR:page_load_metrics_update_dispatcher.cc(178)] Invalid first_paint 0.375 s for first_image_paint 0.36 s
7월 21, 2023 10:01:50.77 [5032:656:0721/100150.076:ERROR:page_load_metrics_update_dispatcher.cc(178)] Invalid first_paint 0.375 s for first_image_paint 0.36 s
7월 21, 2023 10:01:50.194 [5032:656:0721/100150.194:ERROR:page_load_metrics_update_dispatcher.cc(178)] Invalid first_paint 0.375 s for first_image_paint 0.36 s
7월 21, 2023 10:01:50.477 [5032:656:0721/100150.477:ERROR:page_load_metrics_update_dispatcher.cc(178)] Invalid first_paint 0.375 s for first_image_paint 0.36 s
7월 21, 2023 10:01:50.594 [5032:656:0721/100150.594:ERROR:page_load_metrics_update_dispatcher.cc(178)] Invalid first_paint 0.375 s for first_image_paint 0.36 s
7월 21, 2023 10:01:50.723 [5032:656:0721/100150.723:ERROR:page_load_metrics_update_dispatcher.cc(178)] Invalid first_paint 0.375 s for first_image_paint 0.36 s
7월 21, 2023 10:01:51.26 [5032:656:0721/100151.026:ERROR:page_load_metrics_update_dispatcher.cc(178)] Invalid first_paint 0.375 s for first_image_paint 0.36 s
7월 21, 2023 10:01:51.144 [5032:656:0721/100151.143:ERROR:page_load_metrics_update_dispatcher.cc(178)] Invalid first_paint 0.375 s for first_image_paint 0.36 s
7월 21, 2023 10:01:51.259 [5032:656:0721/100151.259:ERROR:page_load_metrics_update_dispatcher.cc(178)] Invalid first_paint 0.375 s for first_image_paint 0.36 s
7월 21, 2023 10:01:51.559 [5032:656:0721/100151.559:ERROR:page_load_metrics_update_dispatcher.cc(178)] Invalid first_paint 0.375 s for first_image_paint 0.36 s
7월 21, 2023 10:01:51.661 [5032:656:0721/100151.661:ERROR:page_load_metrics_update_dispatcher.cc(178)] Invalid first_paint 0.375 s for first_image_paint 0.36 s
7월 21, 2023 10:01:51.777 [5032:656:0721/100151.776:ERROR:page_load_metrics_update_dispatcher.cc(178)] Invalid first_paint 0.375 s for first_image_paint 0.36 s
7월 21, 2023 10:01:52.88 [5032:656:0721/100152.088:ERROR:page_load_metrics_update_dispatcher.cc(178)] Invalid first_paint 0.375 s for first_image_paint 0.36 s
7월 21, 2023 10:01:52.194 [5032:656:0721/100152.194:ERROR:page_load_metrics_update_dispatcher.cc(178)] Invalid first_paint 0.375 s for first_image_paint 0.36 s
7월 21, 2023 10:01:52.312 [5032:656:0721/100152.312:ERROR:page_load_metrics_update_dispatcher.cc(178)] Invalid first_paint 0.375 s for first_image_paint 0.36 s
7월 21, 2023 10:01:52.568 [5032:656:0721/100152.568:ERROR:page_load_metrics_update_dispatcher.cc(178)] Invalid first_paint 0.375 s for first_image_paint 0.36 s
7월 21, 2023 10:01:52.677 [5032:656:0721/100152.677:ERROR:page_load_metrics_update_dispatcher.cc(178)] Invalid first_paint 0.375 s for first_image_paint 0.36 s
7월 21, 2023 10:01:52.793 [5032:656:0721/100152.793:ERROR:page_load_metrics_update_dispatcher.cc(178)] Invalid first_paint 0.375 s for first_image_paint 0.36 s
7월 21, 2023 10:01:53.448 [5032:656:0721/100153.448:ERROR:page_load_metrics_update_dispatcher.cc(178)] Invalid first_paint 0.375 s for first_image_paint 0.36 s
7월 21, 2023 10:01:53.595 [5032:656:0721/100153.595:ERROR:page_load_metrics_update_dispatcher.cc(178)] Invalid first_paint 0.375 s for first_image_paint 0.36 s
7월 21, 2023 10:01:53.945 [5032:656:0721/100153.945:ERROR:page_load_metrics_update_dispatcher.cc(178)] Invalid first_paint 0.375 s for first_image_paint 0.36 s
7월 21, 2023 10:01:54.200 [5032:656:0721/100154.200:ERROR:page_load_metrics_update_dispatcher.cc(178)] Invalid first_paint 0.375 s for first_image_paint 0.36 s
7월 21, 2023 10:01:54.928 [5032:656:0721/100154.928:ERROR:page_load_metrics_update_dispatcher.cc(178)] Invalid first_paint 0.375 s for first_image_paint 0.36 s
7월 21, 2023 10:01:56.23 [5032:656:0721/100156.023:ERROR:page_load_metrics_update_dispatcher.cc(178)] Invalid first_paint 0.375 s for first_image_paint 0.36 s
7월 21, 2023 10:01:57.614 [5032:656:0721/100157.614:ERROR:page_load_metrics_update_dispatcher.cc(178)] Invalid first_paint 0.375 s for first_image_paint 0.36 s
7월 21, 2023 10:01:57.726 [5032:656:0721/100157.726:ERROR:page_load_metrics_update_dispatcher.cc(178)] Invalid first_paint 0.375 s for first_image_paint 0.36 s
7월 21, 2023 10:01:57.945 [5032:656:0721/100157.945:ERROR:page_load_metrics_update_dispatcher.cc(178)] Invalid first_paint 0.375 s for first_image_paint 0.36 s
7월 21, 2023 10:01:58.62 [5032:656:0721/100158.061:ERROR:page_load_metrics_update_dispatcher.cc(178)] Invalid first_paint 0.375 s for first_image_paint 0.36 s
7월 21, 2023 10:01:58.226 [5032:656:0721/100158.226:ERROR:page_load_metrics_update_dispatcher.cc(178)] Invalid first_paint 0.375 s for first_image_paint 0.36 s
7월 21, 2023 10:01:58.343 [5032:656:0721/100158.343:ERROR:page_load_metrics_update_dispatcher.cc(178)] Invalid first_paint 0.375 s for first_image_paint 0.36 s
7월 21, 2023 10:01:58.470 [5032:656:0721/100158.470:ERROR:page_load_metrics_update_dispatcher.cc(178)] Invalid first_paint 0.375 s for first_image_paint 0.36 s
7월 21, 2023 10:01:58.577 [5032:656:0721/100158.577:ERROR:page_load_metrics_update_dispatcher.cc(178)] Invalid first_paint 0.375 s for first_image_paint 0.36 s
7월 21, 2023 10:01:58.727 [5032:656:0721/100158.727:ERROR:page_load_metrics_update_dispatcher.cc(178)] Invalid first_paint 0.375 s for first_image_paint 0.36 s
7월 21, 2023 10:01:58.843 [5032:656:0721/100158.843:ERROR:page_load_metrics_update_dispatcher.cc(178)] Invalid first_paint 0.375 s for first_image_paint 0.36 s
7월 21, 2023 10:01:58.960 [5032:656:0721/100158.960:ERROR:page_load_metrics_update_dispatcher.cc(178)] Invalid first_paint 0.375 s for first_image_paint 0.36 s
7월 21, 2023 10:01:59.709 [5032:656:0721/100159.709:ERROR:page_load_metrics_update_dispatcher.cc(178)] Invalid first_paint 0.375 s for first_image_paint 0.36 s
7월 21, 2023 10:01:59.977 [5032:656:0721/100159.977:ERROR:page_load_metrics_update_dispatcher.cc(178)] Invalid first_paint 0.375 s for first_image_paint 0.36 s
7월 21, 2023 10:02:00.76 [5032:656:0721/100200.076:ERROR:page_load_metrics_update_dispatcher.cc(178)] Invalid first_paint 0.375 s for first_image_paint 0.36 s
7월 21, 2023 10:19:19.391 [11164:7848:0721/101919.391:ERROR:feature_processor_state.cc(39)] Processing error occured: model WebAppInstallationPromo failed with UkmEngineDisabled, message: 
7월 21, 2023 10:30:11.708 [8624:5720:0721/103011.708:ERROR:feature_processor_state.cc(39)] Processing error occured: model WebAppInstallationPromo failed with UkmEngineDisabled, message: 
7월 21, 2023 10:35:02.404 [5256:2672:0721/103502.404:ERROR:feature_processor_state.cc(39)] Processing error occured: model WebAppInstallationPromo failed with UkmEngineDisabled, message: 
7월 21, 2023 10:44:34.710 [10040:11104:0721/104434.710:ERROR:feature_processor_state.cc(39)] Processing error occured: model WebAppInstallationPromo failed with UkmEngineDisabled, message: 
7월 21, 2023 10:50:25.347 [7716:8364:0721/105025.347:ERROR:feature_processor_state.cc(39)] Processing error occured: model WebAppInstallationPromo failed with UkmEngineDisabled, message: 
7월 21, 2023 11:06:36.157 [3680:5508:0721/110636.157:ERROR:feature_processor_state.cc(39)] Processing error occured: model WebAppInstallationPromo failed with UkmEngineDisabled, message: 
7월 21, 2023 11:10:37.945 [8364:10156:0721/111037.945:ERROR:feature_processor_state.cc(39)] Processing error occured: model WebAppInstallationPromo failed with UkmEngineDisabled, message: 
7월 21, 2023 11:18:56.760 [4288:4396:0721/111856.760:ERROR:feature_processor_state.cc(39)] Processing error occured: model WebAppInstallationPromo failed with UkmEngineDisabled, message: 
7월 21, 2023 11:30:58.987 [2136:10412:0721/113058.987:ERROR:feature_processor_state.cc(39)] Processing error occured: model WebAppInstallationPromo failed with UkmEngineDisabled, message: 
7월 21, 2023 11:42:14.43 [1784:5472:0721/114214.043:ERROR:feature_processor_state.cc(39)] Processing error occured: model WebAppInstallationPromo failed with UkmEngineDisabled, message: 
7월 21, 2023 12:45:15.586 [1336:8940:0721/124515.586:ERROR:feature_processor_state.cc(39)] Processing error occured: model WebAppInstallationPromo failed with UkmEngineDisabled, message: 
7월 21, 2023 12:50:47.203 [4624:5788:0721/125047.203:ERROR:feature_processor_state.cc(39)] Processing error occured: model WebAppInstallationPromo failed with UkmEngineDisabled, message: 
7월 21, 2023 12:52:54.802 [8996:5124:0721/125254.802:ERROR:feature_processor_state.cc(39)] Processing error occured: model WebAppInstallationPromo failed with UkmEngineDisabled, message: 
7월 21, 2023 13:00:32.132 [8600:5828:0721/130032.132:ERROR:feature_processor_state.cc(39)] Processing error occured: model WebAppInstallationPromo failed with UkmEngineDisabled, message: 
7월 21, 2023 13:11:07.733 [4996:3288:0721/131107.733:ERROR:feature_processor_state.cc(39)] Processing error occured: model WebAppInstallationPromo failed with UkmEngineDisabled, message: 
7월 21, 2023 13:37:05.894 [6324:4636:0721/133705.894:ERROR:feature_processor_state.cc(39)] Processing error occured: model WebAppInstallationPromo failed with UkmEngineDisabled, message: 
7월 21, 2023 13:38:30.680 [10640:8300:0721/133830.680:ERROR:feature_processor_state.cc(39)] Processing error occured: model WebAppInstallationPromo failed with UkmEngineDisabled, message: 
7월 21, 2023 13:45:18.279 [3720:8900:0721/134518.279:ERROR:feature_processor_state.cc(39)] Processing error occured: model WebAppInstallationPromo failed with UkmEngineDisabled, message: 

7월 21, 2023 14:31:46.732 NEW SESSION
7월 21, 2023 14:31:46.732 [1744:5716:0721/143146.731:ERROR:feature_processor_state.cc(39)] Processing error occured: model WebAppInstallationPromo failed with UkmEngineDisabled, message: 
7월 21, 2023 14:45:23.974 [1744:5716:0721/144523.974:ERROR:device_event_log_impl.cc(222)] [14:45:23.974] Bluetooth: bluetooth_adapter_winrt.cc:1058 Getting Default Adapter failed.

7월 25, 2023 09:21:21.859 NEW SESSION
7월 25, 2023 09:21:21.859 [10020:2472:0725/092121.859:ERROR:feature_processor_state.cc(39)] Processing error occured: model WebAppInstallationPromo failed with UkmEngineDisabled, message: 
7월 25, 2023 10:29:23.522 [10020:2472:0725/102923.522:ERROR:device_event_log_impl.cc(222)] [10:29:23.522] Bluetooth: bluetooth_adapter_winrt.cc:1058 Getting Default Adapter failed.
7월 25, 2023 10:58:56.860 [1992:1872:0725/105856.860:ERROR:feature_processor_state.cc(39)] Processing error occured: model WebAppInstallationPromo failed with UkmEngineDisabled, message: 
7월 25, 2023 11:32:09.688 [5332:6192:0725/113209.688:ERROR:feature_processor_state.cc(39)] Processing error occured: model WebAppInstallationPromo failed with UkmEngineDisabled, message: 
7월 25, 2023 11:37:53.762 [1076:2528:0725/113753.762:ERROR:feature_processor_state.cc(39)] Processing error occured: model WebAppInstallationPromo failed with UkmEngineDisabled, message: 
7월 25, 2023 11:37:56.210 [1076:2528:0725/113756.210:ERROR:page_load_metrics_update_dispatcher.cc(178)] Invalid first_paint 0.17 s for first_image_paint 0.137 s
7월 25, 2023 11:37:56.326 [1076:2528:0725/113756.326:ERROR:page_load_metrics_update_dispatcher.cc(178)] Invalid first_paint 0.17 s for first_image_paint 0.137 s
7월 25, 2023 11:37:56.436 [1076:2528:0725/113756.436:ERROR:page_load_metrics_update_dispatcher.cc(178)] Invalid first_paint 0.17 s for first_image_paint 0.137 s
7월 25, 2023 11:37:56.759 [1076:2528:0725/113756.759:ERROR:page_load_metrics_update_dispatcher.cc(178)] Invalid first_paint 0.17 s for first_image_paint 0.137 s
7월 25, 2023 11:37:56.961 [1076:2528:0725/113756.961:ERROR:page_load_metrics_update_dispatcher.cc(178)] Invalid first_paint 0.17 s for first_image_paint 0.137 s
7월 25, 2023 11:37:57.206 [1076:2528:0725/113757.206:ERROR:page_load_metrics_update_dispatcher.cc(178)] Invalid first_paint 0.17 s for first_image_paint 0.137 s
7월 25, 2023 11:37:57.978 [1076:2528:0725/113757.978:ERROR:page_load_metrics_update_dispatcher.cc(178)] Invalid first_paint 0.17 s for first_image_paint 0.137 s
7월 25, 2023 11:37:58.403 [1076:2528:0725/113758.403:ERROR:page_load_metrics_update_dispatcher.cc(178)] Invalid first_paint 0.17 s for first_image_paint 0.137 s
7월 25, 2023 11:37:59.426 [1076:2528:0725/113759.426:ERROR:page_load_metrics_update_dispatcher.cc(178)] Invalid first_paint 0.17 s for first_image_paint 0.137 s
7월 25, 2023 11:38:01.198 [1076:2528:0725/113801.197:ERROR:page_load_metrics_update_dispatcher.cc(178)] Invalid first_paint 0.17 s for first_image_paint 0.137 s
7월 25, 2023 11:38:01.265 [1076:2528:0725/113801.264:ERROR:page_load_metrics_update_dispatcher.cc(178)] Invalid first_paint 0.17 s for first_image_paint 0.137 s
7월 25, 2023 11:38:01.269 [1076:2528:0725/113801.269:ERROR:page_load_metrics_update_dispatcher.cc(178)] Invalid first_paint 0.17 s for first_image_paint 0.137 s
7월 25, 2023 11:39:15.821 [5140:4944:0725/113915.821:ERROR:feature_processor_state.cc(39)] Processing error occured: model WebAppInstallationPromo failed with UkmEngineDisabled, message: 
7월 25, 2023 11:49:13.363 [7088:6596:0725/114913.363:ERROR:feature_processor_state.cc(39)] Processing error occured: model WebAppInstallationPromo failed with UkmEngineDisabled, message: 
7월 25, 2023 12:16:14.443 [7088:5800:0725/121614.443:ERROR:connection_factory_impl.cc(471)] ConnectionHandler failed with net error: -2
7월 25, 2023 13:21:53.324 [1856:1972:0725/132153.324:ERROR:feature_processor_state.cc(39)] Processing error occured: model WebAppInstallationPromo failed with UkmEngineDisabled, message: 
7월 25, 2023 13:37:58.976 [5728:10892:0725/133758.976:ERROR:feature_processor_state.cc(39)] Processing error occured: model WebAppInstallationPromo failed with UkmEngineDisabled, message: 
7월 25, 2023 13:41:20.826 [796:6412:0725/134120.826:ERROR:feature_processor_state.cc(39)] Processing error occured: model WebAppInstallationPromo failed with UkmEngineDisabled, message: 
7월 25, 2023 14:46:53.565 [796:6412:0725/144653.565:ERROR:interface_endpoint_client.cc(702)] Message 0 rejected by interface blink.mojom.WidgetHost
7월 25, 2023 14:58:52.910 [796:6412:0725/145852.910:ERROR:interface_endpoint_client.cc(702)] Message 0 rejected by interface blink.mojom.WidgetHost
7월 25, 2023 15:00:02.29 [2016:2820:0725/150002.028:ERROR:feature_processor_state.cc(39)] Processing error occured: model WebAppInstallationPromo failed with UkmEngineDisabled, message: 
7월 25, 2023 15:05:59.540 [2016:2820:0725/150559.540:ERROR:command_buffer_proxy_impl.cc(325)] GPU state invalid after WaitForGetOffsetInRange.
7월 25, 2023 15:05:59.540 [2016:2820:0725/150559.540:ERROR:command_buffer_proxy_impl.cc(325)] GPU state invalid after WaitForGetOffsetInRange.
7월 25, 2023 15:06:09.548 [2460:10844:0725/150609.548:ERROR:feature_processor_state.cc(39)] Processing error occured: model WebAppInstallationPromo failed with UkmEngineDisabled, message: 
7월 25, 2023 15:14:27.578 [1192:11000:0725/151427.578:ERROR:feature_processor_state.cc(39)] Processing error occured: model WebAppInstallationPromo failed with UkmEngineDisabled, message: 
7월 25, 2023 15:20:12.762 [1192:11000:0725/152012.762:ERROR:sharing_service.cc(252)] Device un-registration failed with fatal error

7월 26, 2023 09:12:22.24 NEW SESSION
7월 26, 2023 09:12:22.24 [10960:10836:0726/091222.023:ERROR:feature_processor_state.cc(39)] Processing error occured: model WebAppInstallationPromo failed with UkmEngineDisabled, message: 
7월 26, 2023 09:22:54.436 [1740:1644:0726/092254.436:ERROR:feature_processor_state.cc(39)] Processing error occured: model WebAppInstallationPromo failed with UkmEngineDisabled, message: 
7월 26, 2023 09:28:50.45 [11092:6404:0726/092850.045:ERROR:feature_processor_state.cc(39)] Processing error occured: model WebAppInstallationPromo failed with UkmEngineDisabled, message: 
7월 26, 2023 09:30:41.534 [7648:2464:0726/093041.534:ERROR:feature_processor_state.cc(39)] Processing error occured: model WebAppInstallationPromo failed with UkmEngineDisabled, message: 
7월 26, 2023 09:34:04.952 [7648:2464:0726/093404.952:ERROR:device_event_log_impl.cc(222)] [09:34:04.951] Bluetooth: bluetooth_adapter_winrt.cc:1058 Getting Default Adapter failed.
7월 26, 2023 12:50:52.558 [3392:5156:0726/125052.558:ERROR:feature_processor_state.cc(39)] Processing error occured: model WebAppInstallationPromo failed with UkmEngineDisabled, message: 
7월 26, 2023 14:22:08.486 [1800:8604:0726/142208.486:ERROR:feature_processor_state.cc(39)] Processing error occured: model WebAppInstallationPromo failed with UkmEngineDisabled, message: 
7월 26, 2023 14:23:55.430 [1800:5620:0726/142355.430:ERROR:connection_factory_impl.cc(471)] ConnectionHandler failed with net error: -2
7월 26, 2023 14:34:47.912 [1800:8604:0726/143447.911:ERROR:page_load_metrics_update_dispatcher.cc(178)] Invalid first_paint (unset) for first_image_paint 0.037 s
7월 26, 2023 14:34:47.939 [1800:8604:0726/143447.939:ERROR:page_load_metrics_update_dispatcher.cc(178)] Invalid first_paint 0.053 s for first_image_paint 0.037 s
7월 26, 2023 14:34:48.41 [1800:8604:0726/143448.041:ERROR:page_load_metrics_update_dispatcher.cc(178)] Invalid first_paint 0.053 s for first_image_paint 0.037 s
7월 26, 2023 14:34:48.988 [1800:8604:0726/143448.988:ERROR:page_load_metrics_update_dispatcher.cc(178)] Invalid first_paint 0.053 s for first_image_paint 0.037 s
7월 26, 2023 14:34:49.105 [1800:8604:0726/143449.104:ERROR:page_load_metrics_update_dispatcher.cc(178)] Invalid first_paint 0.053 s for first_image_paint 0.037 s
7월 26, 2023 14:34:49.637 [1800:8604:0726/143449.637:ERROR:page_load_metrics_update_dispatcher.cc(178)] Invalid first_paint 0.053 s for first_image_paint 0.037 s
7월 26, 2023 14:34:50.208 [1800:8604:0726/143450.208:ERROR:page_load_metrics_update_dispatcher.cc(178)] Invalid first_paint 0.053 s for first_image_paint 0.037 s
7월 26, 2023 14:34:50.470 [1800:8604:0726/143450.470:ERROR:page_load_metrics_update_dispatcher.cc(178)] Invalid first_paint 0.053 s for first_image_paint 0.037 s
7월 26, 2023 14:34:51.721 [1800:8604:0726/143451.721:ERROR:page_load_metrics_update_dispatcher.cc(178)] Invalid first_paint 0.053 s for first_image_paint 0.037 s
7월 26, 2023 14:34:53.175 [1800:8604:0726/143453.175:ERROR:page_load_metrics_update_dispatcher.cc(178)] Invalid first_paint 0.053 s for first_image_paint 0.037 s
7월 26, 2023 14:34:53.288 [1800:8604:0726/143453.288:ERROR:page_load_metrics_update_dispatcher.cc(178)] Invalid first_paint 0.053 s for first_image_paint 0.037 s
7월 26, 2023 14:34:54.270 [1800:8604:0726/143454.270:ERROR:page_load_metrics_update_dispatcher.cc(178)] Invalid first_paint 0.053 s for first_image_paint 0.037 s
7월 26, 2023 14:34:54.449 [1800:8604:0726/143454.449:ERROR:page_load_metrics_update_dispatcher.cc(178)] Invalid first_paint 0.053 s for first_image_paint 0.037 s
7월 26, 2023 14:37:28.308 [3132:908:0726/143728.308:ERROR:feature_processor_state.cc(39)] Processing error occured: model WebAppInstallationPromo failed with UkmEngineDisabled, message: 
7월 26, 2023 14:56:49.286 [3132:908:0726/145649.286:ERROR:page_load_metrics_update_dispatcher.cc(178)] Invalid first_paint (unset) for first_image_paint 0.046 s
7월 26, 2023 15:16:27.14 [3132:908:0726/151627.014:ERROR:sharing_service.cc(252)] Device un-registration failed with fatal error

7월 27, 2023 09:38:38.287 NEW SESSION
7월 27, 2023 09:38:38.287 [4548:1708:0727/093838.285:ERROR:feature_processor_state.cc(39)] Processing error occured: model WebAppInstallationPromo failed with UkmEngineDisabled, message: 
7월 27, 2023 09:47:03.434 [11180:2464:0727/094703.434:ERROR:feature_processor_state.cc(39)] Processing error occured: model WebAppInstallationPromo failed with UkmEngineDisabled, message: 
7월 27, 2023 10:25:45.264 [11180:2464:0727/102545.264:ERROR:device_event_log_impl.cc(222)] [10:25:45.264] Bluetooth: bluetooth_adapter_winrt.cc:1058 Getting Default Adapter failed.

7월 28, 2023 12:46:55.234 NEW SESSION
7월 28, 2023 12:46:55.234 [2168:5144:0728/124655.218:ERROR:feature_processor_state.cc(39)] Processing error occured: model WebAppInstallationPromo failed with UkmEngineDisabled, message: 
7월 28, 2023 14:02:44.295 [2168:5144:0728/140244.295:ERROR:interface_endpoint_client.cc(702)] Message 0 rejected by interface blink.mojom.WidgetHost
7월 28, 2023 15:04:37.815 [2168:5144:0728/150437.815:ERROR:sharing_service.cc(252)] Device un-registration failed with fatal error

7월 31, 2023 08:59:45.100 NEW SESSION
7월 31, 2023 08:59:45.100 [2164:2216:0731/085945.100:ERROR:feature_processor_state.cc(39)] Processing error occured: model WebAppInstallationPromo failed with UkmEngineDisabled, message: 
7월 31, 2023 09:23:18.602 [9916:10224:0731/092318.602:ERROR:feature_processor_state.cc(39)] Processing error occured: model WebAppInstallationPromo failed with UkmEngineDisabled, message: 
7월 31, 2023 13:31:20.261 [4128:2056:0731/133120.261:ERROR:feature_processor_state.cc(39)] Processing error occured: model WebAppInstallationPromo failed with UkmEngineDisabled, message: 
7월 31, 2023 14:06:09.964 [4128:2056:0731/140609.964:ERROR:device_event_log_impl.cc(222)] [14:06:09.963] Bluetooth: bluetooth_adapter_winrt.cc:1058 Getting Default Adapter failed.
7월 31, 2023 15:20:29.150 [4128:2056:0731/152029.150:ERROR:sharing_service.cc(252)] Device un-registration failed with fatal error

8월 01, 2023 11:38:57.900 NEW SESSION
8월 01, 2023 11:38:57.900 [9372:11012:0801/113857.900:ERROR:feature_processor_state.cc(39)] Processing error occured: model WebAppInstallationPromo failed with UkmEngineDisabled, message: 
8월 01, 2023 11:49:12.980 [4428:10500:0801/114912.980:ERROR:feature_processor_state.cc(39)] Processing error occured: model WebAppInstallationPromo failed with UkmEngineDisabled, message: 
8월 01, 2023 11:49:15.404 [4428:10500:0801/114915.404:ERROR:page_load_metrics_update_dispatcher.cc(178)] Invalid first_paint 0.138 s for first_image_paint 0.122 s
8월 01, 2023 11:49:15.507 [4428:10500:0801/114915.507:ERROR:page_load_metrics_update_dispatcher.cc(178)] Invalid first_paint 0.138 s for first_image_paint 0.122 s
8월 01, 2023 11:49:16.435 [4428:10500:0801/114916.435:ERROR:page_load_metrics_update_dispatcher.cc(178)] Invalid first_paint 0.138 s for first_image_paint 0.122 s
8월 01, 2023 11:49:16.654 [4428:10500:0801/114916.654:ERROR:page_load_metrics_update_dispatcher.cc(178)] Invalid first_paint 0.138 s for first_image_paint 0.122 s
8월 01, 2023 11:49:17.168 [4428:10500:0801/114917.167:ERROR:page_load_metrics_update_dispatcher.cc(178)] Invalid first_paint 0.138 s for first_image_paint 0.122 s
8월 01, 2023 11:49:18.335 [4428:10500:0801/114918.334:ERROR:page_load_metrics_update_dispatcher.cc(178)] Invalid first_paint 0.138 s for first_image_paint 0.122 s
8월 01, 2023 11:49:18.718 [4428:10500:0801/114918.718:ERROR:page_load_metrics_update_dispatcher.cc(178)] Invalid first_paint 0.138 s for first_image_paint 0.122 s
8월 01, 2023 11:49:18.938 [4428:10500:0801/114918.938:ERROR:page_load_metrics_update_dispatcher.cc(178)] Invalid first_paint 0.138 s for first_image_paint 0.122 s
8월 01, 2023 11:49:18.949 [4428:10500:0801/114918.948:ERROR:page_load_metrics_update_dispatcher.cc(178)] Invalid first_paint 0.138 s for first_image_paint 0.122 s
8월 01, 2023 11:49:19.51 [4428:10500:0801/114919.051:ERROR:page_load_metrics_update_dispatcher.cc(178)] Invalid first_paint 0.138 s for first_image_paint 0.122 s
8월 01, 2023 11:49:19.64 [4428:10500:0801/114919.064:ERROR:page_load_metrics_update_dispatcher.cc(178)] Invalid first_paint 0.138 s for first_image_paint 0.122 s
8월 01, 2023 11:49:20.857 [4428:10500:0801/114920.857:ERROR:page_load_metrics_update_dispatcher.cc(178)] Invalid first_paint 0.138 s for first_image_paint 0.122 s
8월 01, 2023 12:44:40.78 [6744:3268:0801/124440.078:ERROR:feature_processor_state.cc(39)] Processing error occured: model WebAppInstallationPromo failed with UkmEngineDisabled, message: 
8월 01, 2023 12:58:34.781 [6744:3268:0801/125834.781:ERROR:device_event_log_impl.cc(222)] [12:58:34.781] Bluetooth: bluetooth_adapter_winrt.cc:1058 Getting Default Adapter failed.
8월 01, 2023 13:25:03.644 [8248:3040:0801/132503.644:ERROR:feature_processor_state.cc(39)] Processing error occured: model WebAppInstallationPromo failed with UkmEngineDisabled, message: 
8월 01, 2023 13:27:15.975 [8248:3040:0801/132715.975:ERROR:sharing_service.cc(252)] Device un-registration failed with fatal error
8월 01, 2023 13:27:37.110 [5672:8100:0801/132737.110:ERROR:feature_processor_state.cc(39)] Processing error occured: model WebAppInstallationPromo failed with UkmEngineDisabled, message: 

8월 02, 2023 09:01:37.810 NEW SESSION
8월 02, 2023 09:01:37.810 [9500:9488:0802/090137.809:ERROR:feature_processor_state.cc(39)] Processing error occured: model WebAppInstallationPromo failed with UkmEngineDisabled, message: 
8월 02, 2023 09:18:13.212 [9800:4432:0802/091813.211:ERROR:feature_processor_state.cc(39)] Processing error occured: model WebAppInstallationPromo failed with UkmEngineDisabled, message: 
8월 02, 2023 10:39:22.708 [2748:4512:0802/103922.708:ERROR:feature_processor_state.cc(39)] Processing error occured: model WebAppInstallationPromo failed with UkmEngineDisabled, message: 
8월 02, 2023 10:43:29.694 [6972:10828:0802/104329.694:ERROR:feature_processor_state.cc(39)] Processing error occured: model WebAppInstallationPromo failed with UkmEngineDisabled, message: 
8월 02, 2023 10:45:34.295 [1012:4820:0802/104534.295:ERROR:feature_processor_state.cc(39)] Processing error occured: model WebAppInstallationPromo failed with UkmEngineDisabled, message: 
8월 02, 2023 12:43:52.687 [8208:3624:0802/124352.687:ERROR:feature_processor_state.cc(39)] Processing error occured: model WebAppInstallationPromo failed with UkmEngineDisabled, message: 
8월 02, 2023 13:45:01.932 [7604:10036:0802/134501.932:ERROR:feature_processor_state.cc(39)] Processing error occured: model WebAppInstallationPromo failed with UkmEngineDisabled, message: 
8월 02, 2023 13:48:41.815 [12024:5008:0802/134841.815:ERROR:feature_processor_state.cc(39)] Processing error occured: model WebAppInstallationPromo failed with UkmEngineDisabled, message: 
8월 02, 2023 13:49:31.956 [4568:1556:0802/134931.955:ERROR:feature_processor_state.cc(39)] Processing error occured: model WebAppInstallationPromo failed with UkmEngineDisabled, message: 
8월 02, 2023 13:52:06.217 [5080:6060:0802/135206.217:ERROR:feature_processor_state.cc(39)] Processing error occured: model WebAppInstallationPromo failed with UkmEngineDisabled, message: 
8월 02, 2023 13:56:41.134 [2736:9048:0802/135641.134:ERROR:feature_processor_state.cc(39)] Processing error occured: model WebAppInstallationPromo failed with UkmEngineDisabled, message: 
8월 02, 2023 14:33:16.606 [3680:6748:0802/143316.606:ERROR:feature_processor_state.cc(39)] Processing error occured: model WebAppInstallationPromo failed with UkmEngineDisabled, message: 
8월 02, 2023 14:49:22.05 [3680:6748:0802/144922.005:ERROR:device_event_log_impl.cc(222)] [14:49:22.005] Bluetooth: bluetooth_adapter_winrt.cc:1058 Getting Default Adapter failed.
8월 02, 2023 15:05:49.462 [3220:8072:0802/150549.462:ERROR:feature_processor_state.cc(39)] Processing error occured: model WebAppInstallationPromo failed with UkmEngineDisabled, message: 
8월 02, 2023 15:17:40.664 [3220:8072:0802/151740.664:ERROR:sharing_service.cc(252)] Device un-registration failed with fatal error

8월 03, 2023 09:38:16.835 NEW SESSION
8월 03, 2023 09:38:16.836 [1992:8696:0803/093816.835:ERROR:feature_processor_state.cc(39)] Processing error occured: model WebAppInstallationPromo failed with UkmEngineDisabled, message: 
8월 03, 2023 09:45:45.904 [5392:4532:0803/094545.904:ERROR:feature_processor_state.cc(39)] Processing error occured: model WebAppInstallationPromo failed with UkmEngineDisabled, message: 
8월 03, 2023 09:47:54.508 [8880:6960:0803/094754.508:ERROR:feature_processor_state.cc(39)] Processing error occured: model WebAppInstallationPromo failed with UkmEngineDisabled, message: 
8월 03, 2023 10:00:04.432 [8880:6960:0803/100004.432:ERROR:command_buffer_proxy_impl.cc(325)] GPU state invalid after WaitForGetOffsetInRange.
8월 03, 2023 10:00:04.432 [8880:6960:0803/100004.432:ERROR:command_buffer_proxy_impl.cc(325)] GPU state invalid after WaitForGetOffsetInRange.
8월 03, 2023 10:00:26.627 [6088:6348:0803/100026.627:ERROR:feature_processor_state.cc(39)] Processing error occured: model WebAppInstallationPromo failed with UkmEngineDisabled, message: 
